<?xml version="1.0" encoding="UTF-8"?>
<testsuite errors="0" failures="0" name="Google search" skipped="0" tests="1" time="13.588927">
<testcase classname="Google search" name="Search Google for Whirlpool" time="13.588927">
  <system-out/>
  <system-err/>
</testcase>
  <system-out>
    <![CDATA[]]>
  </system-out>
  <system-err>
    <![CDATA[]]>
  </system-err>
</testsuite>
