<?xml version="1.0" encoding="UTF-8"?>
<testsuite errors="0" failures="0" name="Seek search" skipped="0" tests="1" time="37.313084">
<testcase classname="Seek search" name="Search Seek for jobs" time="37.313084">
  <system-out/>
  <system-err/>
</testcase>
  <system-out>
    <![CDATA[]]>
  </system-out>
  <system-err>
    <![CDATA[]]>
  </system-err>
</testsuite>
